<?xml version="1.0" encoding="UTF-8"?>
<!-- Generated by org.testng.reporters.JUnitXMLReporter -->
<testsuite hostname="LAPTOP-P04MERIM" ignored="0" name="Default test" tests="11" failures="0" timestamp="2019-11-12T18:14:35 IST" time="330.444" errors="0">
  <testcase name="CancelLeadsButtonCheck" time="28.782" classname="com.vtiger.testpom.Leads"/>
  <testcase name="CreateLeadButtonCheck" time="16.051" classname="com.vtiger.testpom.Leads"/>
  <testcase name="CreateLeadWithQuickCreateusingGroup" time="18.545" classname="com.vtiger.testpom.Leads"/>
  <testcase name="CreateLeadWithQuickCreateusingUser" time="17.077" classname="com.vtiger.testpom.Leads"/>
  <testcase name="CreateLeadwithMandatoryField" time="19.78" classname="com.vtiger.testpom.Leads"/>
  <testcase name="CreateLeadwithoutMandatoryField" time="15.244" classname="com.vtiger.testpom.Leads"/>
  <testcase name="CreateLeadwithwrongEmailid" time="15.601" classname="com.vtiger.testpom.Leads"/>
  <testcase name="EditLead" time="20.209" classname="com.vtiger.testpom.Leads"/>
  <testcase name="LeadButtonCheck" time="10.946" classname="com.vtiger.testpom.Leads"/>
  <testcase name="deleteButtonCheck" time="14.13" classname="com.vtiger.testpom.Leads"/>
  <testcase name="validLogin" time="3.784" classname="com.vtiger.testpom.Leads"/>
</testsuite> <!-- Default test -->
